\BOOKMARK [0][-]{chapter.1}{General Review}{}% 1
\BOOKMARK [1][-]{section.1.1}{Design}{chapter.1}% 2
\BOOKMARK [2][-]{subsection.1.1.1}{Violation of MVC pattern}{section.1.1}% 3
\BOOKMARK [2][-]{subsection.1.1.2}{Usage of helper objects between view and model}{section.1.1}% 4
\BOOKMARK [2][-]{subsection.1.1.3}{Rich OO domain model}{section.1.1}% 5
\BOOKMARK [2][-]{subsection.1.1.4}{Clear responsibilities}{section.1.1}% 6
\BOOKMARK [2][-]{subsection.1.1.5}{Sound invariants}{section.1.1}% 7
\BOOKMARK [2][-]{subsection.1.1.6}{Overall code organization and reuse, e.g. views}{section.1.1}% 8
\BOOKMARK [1][-]{section.1.2}{Coding Style}{chapter.1}% 9
\BOOKMARK [2][-]{subsection.1.2.1}{Consistency}{section.1.2}% 10
\BOOKMARK [2][-]{subsection.1.2.2}{Intention-revealing names}{section.1.2}% 11
\BOOKMARK [2][-]{subsection.1.2.3}{Do not repeat yourself}{section.1.2}% 12
\BOOKMARK [2][-]{subsection.1.2.4}{Exception, testing null values}{section.1.2}% 13
\BOOKMARK [2][-]{subsection.1.2.5}{Encapsulation}{section.1.2}% 14
\BOOKMARK [2][-]{subsection.1.2.6}{Assertion, contracts, invariant checks}{section.1.2}% 15
\BOOKMARK [2][-]{subsection.1.2.7}{Utility methods}{section.1.2}% 16
\BOOKMARK [1][-]{section.1.3}{Documentation}{chapter.1}% 17
\BOOKMARK [2][-]{subsection.1.3.1}{Understandable}{section.1.3}% 18
\BOOKMARK [2][-]{subsection.1.3.2}{Intention-revealing}{section.1.3}% 19
\BOOKMARK [2][-]{subsection.1.3.3}{Describe Responsibilities}{section.1.3}% 20
\BOOKMARK [2][-]{subsection.1.3.4}{Consistent Domain Vocabulary}{section.1.3}% 21
\BOOKMARK [1][-]{section.1.4}{Tests}{chapter.1}% 22
\BOOKMARK [2][-]{subsection.1.4.1}{Clear and distinct test cases}{section.1.4}% 23
\BOOKMARK [2][-]{subsection.1.4.2}{Number/coverage of test cases}{section.1.4}% 24
\BOOKMARK [2][-]{subsection.1.4.3}{Easy to understand the case that is tested}{section.1.4}% 25
\BOOKMARK [2][-]{subsection.1.4.4}{Well crafted set of test data}{section.1.4}% 26
\BOOKMARK [2][-]{subsection.1.4.5}{Readability}{section.1.4}% 27
\BOOKMARK [0][-]{chapter.2}{Code Analysis: AdController}{}% 28
