2014-11-07 19:40:43,316 [Worker-3] INFO  o.e.m.c.i.l.LifecycleMappingFactory - Using org.maven.ide.eclipse.wtp.WarLifecycleMapping lifecycle mapping for MavenProject: Skeleton:Skeleton:1.0 @ /Users/Raffael/Documents/ese2014-team2/Skeleton/pom.xml.
2014-11-07 19:40:49,002 [Worker-3] INFO  o.e.m.j.i.AbstractJavaProjectConfigurator - Adding source folder /Skeleton/src/main/java
2014-11-07 19:40:49,003 [Worker-3] INFO  o.e.m.j.i.AbstractJavaProjectConfigurator - Adding source folder /Skeleton/src/test/java
2014-11-07 19:40:49,146 [Worker-8] INFO  o.e.m.c.i.l.LifecycleMappingFactory - Using org.maven.ide.eclipse.wtp.WarLifecycleMapping lifecycle mapping for MavenProject: Skeleton:Skeleton:1.0 @ /Users/Raffael/Documents/ese2014-team2/Skeleton/pom.xml.
2014-11-07 19:40:49,528 [Worker-3] ERROR o.e.m2e.wtp.WTPProjectConfigurator - Unable to configure Skeleton
org.eclipse.m2e.wtp.MarkedException: Unable to configure Skeleton
	at org.eclipse.m2e.wtp.AbstractProjectConfiguratorDelegate.configureProject(AbstractProjectConfiguratorDelegate.java:97) ~[na:na]
	at org.eclipse.m2e.wtp.WTPProjectConfigurator.configure(WTPProjectConfigurator.java:70) ~[na:na]
	at org.eclipse.m2e.core.project.configurator.AbstractLifecycleMapping.configure(AbstractLifecycleMapping.java:120) [org.eclipse.m2e.core_1.5.0.20140606-0033.jar:na]
	at org.eclipse.m2e.core.internal.project.ProjectConfigurationManager$3.call(ProjectConfigurationManager.java:477) [org.eclipse.m2e.core_1.5.0.20140606-0033.jar:na]
	at org.eclipse.m2e.core.internal.project.ProjectConfigurationManager$3.call(ProjectConfigurationManager.java:1) [org.eclipse.m2e.core_1.5.0.20140606-0033.jar:na]
	at org.eclipse.m2e.core.internal.embedder.MavenExecutionContext.executeBare(MavenExecutionContext.java:166) [org.eclipse.m2e.core_1.5.0.20140606-0033.jar:na]
	at org.eclipse.m2e.core.internal.embedder.MavenExecutionContext.execute(MavenExecutionContext.java:142) [org.eclipse.m2e.core_1.5.0.20140606-0033.jar:na]
	at org.eclipse.m2e.core.internal.project.ProjectConfigurationManager.updateProjectConfiguration(ProjectConfigurationManager.java:470) [org.eclipse.m2e.core_1.5.0.20140606-0033.jar:na]
	at org.eclipse.m2e.core.internal.project.ProjectConfigurationManager.configureNewMavenProjects(ProjectConfigurationManager.java:250) [org.eclipse.m2e.core_1.5.0.20140606-0033.jar:na]
	at org.eclipse.m2e.core.internal.project.ProjectConfigurationManager$1.call(ProjectConfigurationManager.java:163) [org.eclipse.m2e.core_1.5.0.20140606-0033.jar:na]
	at org.eclipse.m2e.core.internal.project.ProjectConfigurationManager$1.call(ProjectConfigurationManager.java:1) [org.eclipse.m2e.core_1.5.0.20140606-0033.jar:na]
	at org.eclipse.m2e.core.internal.embedder.MavenExecutionContext.executeBare(MavenExecutionContext.java:166) [org.eclipse.m2e.core_1.5.0.20140606-0033.jar:na]
	at org.eclipse.m2e.core.internal.embedder.MavenExecutionContext.execute(MavenExecutionContext.java:142) [org.eclipse.m2e.core_1.5.0.20140606-0033.jar:na]
	at org.eclipse.m2e.core.internal.embedder.MavenExecutionContext.execute(MavenExecutionContext.java:96) [org.eclipse.m2e.core_1.5.0.20140606-0033.jar:na]
	at org.eclipse.m2e.core.internal.embedder.MavenImpl.execute(MavenImpl.java:1348) [org.eclipse.m2e.core_1.5.0.20140606-0033.jar:na]
	at org.eclipse.m2e.core.internal.project.ProjectConfigurationManager.importProjects(ProjectConfigurationManager.java:133) [org.eclipse.m2e.core_1.5.0.20140606-0033.jar:na]
	at org.eclipse.m2e.core.ui.internal.wizards.ImportMavenProjectsJob$1.doCreateMavenProjects(ImportMavenProjectsJob.java:73) [org.eclipse.m2e.core.ui_1.5.0.20140606-0033.jar:na]
	at org.eclipse.m2e.core.ui.internal.wizards.AbstractCreateMavenProjectsOperation.run(AbstractCreateMavenProjectsOperation.java:62) [org.eclipse.m2e.core.ui_1.5.0.20140606-0033.jar:na]
	at org.eclipse.m2e.core.ui.internal.wizards.ImportMavenProjectsJob.runInWorkspace(ImportMavenProjectsJob.java:82) [org.eclipse.m2e.core.ui_1.5.0.20140606-0033.jar:na]
	at org.eclipse.core.internal.resources.InternalWorkspaceJob.run(InternalWorkspaceJob.java:38) [org.eclipse.core.resources_3.9.1.v20140825-1431.jar:na]
	at org.eclipse.core.internal.jobs.Worker.run(Worker.java:54) [org.eclipse.core.jobs_3.6.0.v20140424-0053.jar:na]
Caused by: org.eclipse.core.runtime.CoreException: One or more constraints have not been satisfied.
	at org.eclipse.wst.common.project.facet.core.internal.FacetedProject.modifyInternal(FacetedProject.java:363) ~[na:na]
	at org.eclipse.wst.common.project.facet.core.internal.FacetedProject.mergeChangesInternal(FacetedProject.java:1181) ~[na:na]
	at org.eclipse.wst.common.project.facet.core.internal.FacetedProject.access$2(FacetedProject.java:1117) ~[na:na]
	at org.eclipse.wst.common.project.facet.core.internal.FacetedProject$1.run(FacetedProject.java:324) ~[na:na]
	at org.eclipse.core.internal.resources.Workspace.run(Workspace.java:2313) ~[org.eclipse.core.resources_3.9.1.v20140825-1431.jar:na]
	at org.eclipse.wst.common.project.facet.core.internal.FacetedProject.modify(FacetedProject.java:339) ~[na:na]
	at org.eclipse.m2e.wtp.WebProjectConfiguratorDelegate.configure(WebProjectConfiguratorDelegate.java:150) ~[na:na]
	at org.eclipse.m2e.wtp.AbstractProjectConfiguratorDelegate.configureProject(AbstractProjectConfiguratorDelegate.java:93) ~[na:na]
	... 20 common frames omitted
2014-11-07 19:40:50,282 [Worker-3] INFO  o.e.m.c.i.p.ProjectConfigurationManager - Imported and configured 1 project(s) in 13 sec
2014-11-07 19:40:53,820 [Worker-8] INFO  o.e.m.c.i.embedder.EclipseLogger - Using 'UTF-8' encoding to copy filtered resources.
2014-11-07 19:40:53,820 [Worker-8] INFO  o.e.m.c.i.embedder.EclipseLogger - skip non existing resourceDirectory /Users/Raffael/Documents/ese2014-team2/Skeleton/src/main/resources
2014-11-07 19:40:53,820 [Worker-8] INFO  o.e.m.c.i.embedder.EclipseLogger - skip non existing resourceDirectory /Users/Raffael/Documents/ese2014-team2/Skeleton/src/main/resources
2014-11-07 19:40:53,822 [Worker-8] INFO  o.e.m.c.i.embedder.EclipseLogger - Using 'UTF-8' encoding to copy filtered resources.
2014-11-07 19:40:53,822 [Worker-8] INFO  o.e.m.c.i.embedder.EclipseLogger - skip non existing resourceDirectory /Users/Raffael/Documents/ese2014-team2/Skeleton/src/test/resources
2014-11-07 19:41:47,561 [Worker-5] INFO  o.e.m.c.i.embedder.EclipseLogger - Using 'UTF-8' encoding to copy filtered resources.
2014-11-07 19:41:47,561 [Worker-5] INFO  o.e.m.c.i.embedder.EclipseLogger - skip non existing resourceDirectory /Users/Raffael/Documents/ese2014-team2/Skeleton/src/main/resources
2014-11-07 19:41:47,562 [Worker-5] INFO  o.e.m.c.i.embedder.EclipseLogger - skip non existing resourceDirectory /Users/Raffael/Documents/ese2014-team2/Skeleton/src/main/resources
2014-11-07 19:41:47,562 [Worker-5] INFO  o.e.m.c.i.embedder.EclipseLogger - Using 'UTF-8' encoding to copy filtered resources.
2014-11-07 19:41:47,563 [Worker-5] INFO  o.e.m.c.i.embedder.EclipseLogger - skip non existing resourceDirectory /Users/Raffael/Documents/ese2014-team2/Skeleton/src/test/resources
2014-11-07 19:41:52,247 [main] INFO  o.e.m2e.actions.ExecutePomAction - Creating new launch configuration
2014-11-07 19:42:00,791 [Worker-11] INFO  o.e.m.i.launch.MavenLaunchDelegate - /Users/Raffael/Documents/ese2014-team2/Skeleton
2014-11-07 19:42:00,791 [Worker-11] INFO  o.e.m.i.launch.MavenLaunchDelegate -  mvn  -B jetty:stop jetty:run
2014-11-07 19:42:09,570 [main] INFO  o.e.m2e.actions.ExecutePomAction - Creating new launch configuration
2014-11-07 19:42:18,946 [Worker-7] INFO  o.e.m.i.launch.MavenLaunchDelegate - /Users/Raffael/Documents/ese2014-team2/Skeleton
2014-11-07 19:42:18,946 [Worker-7] INFO  o.e.m.i.launch.MavenLaunchDelegate -  mvn  -B jetty:stop jetty:run
